This is pdfTeX, Version 3.141592653-2.6-1.40.22 (TeX Live 2022/dev/Debian) (preloaded format=pdflatex 2026.2.18)  26 MAR 2026 20:23
entering extended mode
 restricted \write18 enabled.
 %&-line parsing enabled.
**thesis.tex
(./thesis.tex
LaTeX2e <2021-11-15> patch level 1
L3 programming layer <2022-01-21>
(/usr/share/texlive/texmf-dist/tex/latex/base/report.cls
Document Class: report 2021/10/04 v1.4n Standard LaTeX document class
(/usr/share/texlive/texmf-dist/tex/latex/base/size12.clo
File: size12.clo 2021/10/04 v1.4n Standard LaTeX file (size option)
)
\c@part=\count185
\c@chapter=\count186
\c@section=\count187
\c@subsection=\count188
\c@subsubsection=\count189
\c@paragraph=\count190
\c@subparagraph=\count191
\c@figure=\count192
\c@table=\count193
\abovecaptionskip=\skip47
\belowcaptionskip=\skip48
\bibindent=\dimen138
)
(/usr/share/texlive/texmf-dist/tex/latex/geometry/geometry.sty
Package: geometry 2020/01/02 v5.9 Page Geometry

(/usr/share/texlive/texmf-dist/tex/latex/graphics/keyval.sty
Package: keyval 2014/10/28 v1.15 key=value parser (DPC)
\KV@toks@=\toks16
)
(/usr/share/texlive/texmf-dist/tex/generic/iftex/ifvtex.sty
Package: ifvtex 2019/10/25 v1.7 ifvtex legacy package. Use iftex instead.

(/usr/share/texlive/texmf-dist/tex/generic/iftex/iftex.sty
Package: iftex 2020/03/06 v1.0d TeX engine tests
))
\Gm@cnth=\count194
\Gm@cntv=\count195
\c@Gm@tempcnt=\count196
\Gm@bindingoffset=\dimen139
\Gm@wd@mp=\dimen140
\Gm@odd@mp=\dimen141
\Gm@even@mp=\dimen142
\Gm@layoutwidth=\dimen143
\Gm@layoutheight=\dimen144
\Gm@layouthoffset=\dimen145
\Gm@layoutvoffset=\dimen146
\Gm@dimlist=\toks17
)
(/usr/share/texlive/texmf-dist/tex/latex/setspace/setspace.sty
Package: setspace 2011/12/19 v6.7a set line spacing
)
(/usr/share/texlive/texmf-dist/tex/latex/base/fontenc.sty
Package: fontenc 2021/04/29 v2.0v Standard LaTeX package
)
(/usr/share/texlive/texmf-dist/tex/latex/base/inputenc.sty
Package: inputenc 2021/02/14 v1.3d Input encoding file
\inpenc@prehook=\toks18
\inpenc@posthook=\toks19
)
(/usr/share/texlive/texmf-dist/tex/latex/psnfss/mathptmx.sty
Package: mathptmx 2020/03/25 PSNFSS-v9.3 Times w/ Math, improved (SPQR, WaS) 
LaTeX Font Info:    Redeclaring symbol font `operators' on input line 28.
LaTeX Font Info:    Overwriting symbol font `operators' in version `normal'
(Font)                  OT1/cmr/m/n --> OT1/ztmcm/m/n on input line 28.
LaTeX Font Info:    Overwriting symbol font `operators' in version `bold'
(Font)                  OT1/cmr/bx/n --> OT1/ztmcm/m/n on input line 28.
LaTeX Font Info:    Redeclaring symbol font `letters' on input line 29.
LaTeX Font Info:    Overwriting symbol font `letters' in version `normal'
(Font)                  OML/cmm/m/it --> OML/ztmcm/m/it on input line 29.
LaTeX Font Info:    Overwriting symbol font `letters' in version `bold'
(Font)                  OML/cmm/b/it --> OML/ztmcm/m/it on input line 29.
LaTeX Font Info:    Redeclaring symbol font `symbols' on input line 30.
LaTeX Font Info:    Overwriting symbol font `symbols' in version `normal'
(Font)                  OMS/cmsy/m/n --> OMS/ztmcm/m/n on input line 30.
LaTeX Font Info:    Overwriting symbol font `symbols' in version `bold'
(Font)                  OMS/cmsy/b/n --> OMS/ztmcm/m/n on input line 30.
LaTeX Font Info:    Redeclaring symbol font `largesymbols' on input line 31.
LaTeX Font Info:    Overwriting symbol font `largesymbols' in version `normal'
(Font)                  OMX/cmex/m/n --> OMX/ztmcm/m/n on input line 31.
LaTeX Font Info:    Overwriting symbol font `largesymbols' in version `bold'
(Font)                  OMX/cmex/m/n --> OMX/ztmcm/m/n on input line 31.
\symbold=\mathgroup4
\symitalic=\mathgroup5
LaTeX Font Info:    Redeclaring math alphabet \mathbf on input line 34.
LaTeX Font Info:    Overwriting math alphabet `\mathbf' in version `normal'
(Font)                  OT1/cmr/bx/n --> OT1/ptm/bx/n on input line 34.
LaTeX Font Info:    Overwriting math alphabet `\mathbf' in version `bold'
(Font)                  OT1/cmr/bx/n --> OT1/ptm/bx/n on input line 34.
LaTeX Font Info:    Redeclaring math alphabet \mathit on input line 35.
LaTeX Font Info:    Overwriting math alphabet `\mathit' in version `normal'
(Font)                  OT1/cmr/m/it --> OT1/ptm/m/it on input line 35.
LaTeX Font Info:    Overwriting math alphabet `\mathit' in version `bold'
(Font)                  OT1/cmr/bx/it --> OT1/ptm/m/it on input line 35.
LaTeX Info: Redefining \hbar on input line 50.
)
(/usr/share/texlive/texmf-dist/tex/latex/psnfss/helvet.sty
Package: helvet 2020/03/25 PSNFSS-v9.3 (WaS) 
)
(/usr/share/texlive/texmf-dist/tex/latex/microtype/microtype.sty
Package: microtype 2021/12/10 v3.0b Micro-typographical refinements (RS)

(/usr/share/texlive/texmf-dist/tex/latex/etoolbox/etoolbox.sty
Package: etoolbox 2020/10/05 v2.5k e-TeX tools for LaTeX (JAW)
\etb@tempcnta=\count197
)
\MT@toks=\toks20
\MT@count=\count198
\MT@tempbox=\box50
LaTeX Info: Redefining \leftprotrusion on input line 1010.
LaTeX Info: Redefining \rightprotrusion on input line 1018.
LaTeX Info: Redefining \textls on input line 1173.
\MT@outer@kern=\dimen147
LaTeX Info: Redefining \textmicrotypecontext on input line 1759.
\MT@listname@count=\count199

(/usr/share/texlive/texmf-dist/tex/latex/microtype/microtype-pdftex.def
File: microtype-pdftex.def 2021/12/10 v3.0b Definitions specific to pdftex (RS)

LaTeX Info: Redefining \lsstyle on input line 897.
LaTeX Info: Redefining \lslig on input line 897.
\MT@outer@space=\skip49
)
Package microtype Info: Loading configuration file microtype.cfg.

(/usr/share/texlive/texmf-dist/tex/latex/microtype/microtype.cfg
File: microtype.cfg 2021/12/10 v3.0b microtype main configuration file (RS)
))
(/usr/share/texlive/texmf-dist/tex/latex/amsmath/amsmath.sty
Package: amsmath 2021/10/15 v2.17l AMS math features
\@mathmargin=\skip50

For additional information on amsmath, use the `?' option.
(/usr/share/texlive/texmf-dist/tex/latex/amsmath/amstext.sty
Package: amstext 2021/08/26 v2.01 AMS text

(/usr/share/texlive/texmf-dist/tex/latex/amsmath/amsgen.sty
File: amsgen.sty 1999/11/30 v2.0 generic functions
\@emptytoks=\toks21
\ex@=\dimen148
))
(/usr/share/texlive/texmf-dist/tex/latex/amsmath/amsbsy.sty
Package: amsbsy 1999/11/29 v1.2d Bold Symbols
\pmbraise@=\dimen149
)
(/usr/share/texlive/texmf-dist/tex/latex/amsmath/amsopn.sty
Package: amsopn 2021/08/26 v2.02 operator names
)
\inf@bad=\count266
LaTeX Info: Redefining \frac on input line 234.
\uproot@=\count267
\leftroot@=\count268
LaTeX Info: Redefining \overline on input line 399.
\classnum@=\count269
\DOTSCASE@=\count270
LaTeX Info: Redefining \ldots on input line 496.
LaTeX Info: Redefining \dots on input line 499.
LaTeX Info: Redefining \cdots on input line 620.
\Mathstrutbox@=\box51
\strutbox@=\box52
\big@size=\dimen150
LaTeX Font Info:    Redeclaring font encoding OML on input line 743.
LaTeX Font Info:    Redeclaring font encoding OMS on input line 744.
\macc@depth=\count271
\c@MaxMatrixCols=\count272
\dotsspace@=\muskip16
\c@parentequation=\count273
\dspbrk@lvl=\count274
\tag@help=\toks22
\row@=\count275
\column@=\count276
\maxfields@=\count277
\andhelp@=\toks23
\eqnshift@=\dimen151
\alignsep@=\dimen152
\tagshift@=\dimen153
\tagwidth@=\dimen154
\totwidth@=\dimen155
\lineht@=\dimen156
\@envbody=\toks24
\multlinegap=\skip51
\multlinetaggap=\skip52
\mathdisplay@stack=\toks25
LaTeX Info: Redefining \[ on input line 2938.
LaTeX Info: Redefining \] on input line 2939.
)
(/usr/share/texlive/texmf-dist/tex/latex/amsfonts/amssymb.sty
Package: amssymb 2013/01/14 v3.01 AMS font symbols

(/usr/share/texlive/texmf-dist/tex/latex/amsfonts/amsfonts.sty
Package: amsfonts 2013/01/14 v3.01 Basic AMSFonts support
\symAMSa=\mathgroup6
\symAMSb=\mathgroup7
LaTeX Font Info:    Overwriting math alphabet `\mathfrak' in version `bold'
(Font)                  U/euf/m/n --> U/euf/b/n on input line 106.
))
(/usr/share/texlive/texmf-dist/tex/latex/amscls/amsthm.sty
Package: amsthm 2020/05/29 v2.20.6
\thm@style=\toks26
\thm@bodyfont=\toks27
\thm@headfont=\toks28
\thm@notefont=\toks29
\thm@headpunct=\toks30
\thm@preskip=\skip53
\thm@postskip=\skip54
\thm@headsep=\skip55
\dth@everypar=\toks31
)
(/usr/share/texlive/texmf-dist/tex/latex/tools/bm.sty
Package: bm 2021/04/25 v1.2e Bold Symbol Support (DPC/FMi)
Package bm Info: No bold for \OT1/ztmcm/m/n, using \pmb.
Package bm Info: No bold for \OML/ztmcm/m/it, using \pmb.
Package bm Info: No bold for \OMS/ztmcm/m/n, using \pmb.
Package bm Info: No bold for \OMX/ztmcm/m/n, using \pmb.
Package bm Info: No bold for \OT1/ptm/bx/n, using \pmb.
Package bm Info: No bold for \OT1/ptm/m/it, using \pmb.
Package bm Info: No bold for \U/msa/m/n, using \pmb.
Package bm Info: No bold for \U/msb/m/n, using \pmb.
) (./siunitx.sty
Package: siunitx 2024/01/01 siunitx shim
)
(/usr/share/texlive/texmf-dist/tex/latex/graphics/graphicx.sty
Package: graphicx 2021/09/16 v1.2d Enhanced LaTeX Graphics (DPC,SPQR)

(/usr/share/texlive/texmf-dist/tex/latex/graphics/graphics.sty
Package: graphics 2021/03/04 v1.4d Standard LaTeX Graphics (DPC,SPQR)

(/usr/share/texlive/texmf-dist/tex/latex/graphics/trig.sty
Package: trig 2021/08/11 v1.11 sin cos tan (DPC)
)
(/usr/share/texlive/texmf-dist/tex/latex/graphics-cfg/graphics.cfg
File: graphics.cfg 2016/06/04 v1.11 sample graphics configuration
)
Package graphics Info: Driver file: pdftex.def on input line 107.

(/usr/share/texlive/texmf-dist/tex/latex/graphics-def/pdftex.def
File: pdftex.def 2020/10/05 v1.2a Graphics/color driver for pdftex
))
\Gin@req@height=\dimen157
\Gin@req@width=\dimen158
)
(/usr/share/texlive/texmf-dist/tex/latex/booktabs/booktabs.sty
Package: booktabs 2020/01/12 v1.61803398 Publication quality tables
\heavyrulewidth=\dimen159
\lightrulewidth=\dimen160
\cmidrulewidth=\dimen161
\belowrulesep=\dimen162
\belowbottomsep=\dimen163
\aboverulesep=\dimen164
\abovetopsep=\dimen165
\cmidrulesep=\dimen166
\cmidrulekern=\dimen167
\defaultaddspace=\dimen168
\@cmidla=\count278
\@cmidlb=\count279
\@aboverulesep=\dimen169
\@belowrulesep=\dimen170
\@thisruleclass=\count280
\@lastruleclass=\count281
\@thisrulewidth=\dimen171
)
(/usr/share/texlive/texmf-dist/tex/latex/tools/tabularx.sty
Package: tabularx 2020/01/15 v2.11c `tabularx' package (DPC)

(/usr/share/texlive/texmf-dist/tex/latex/tools/array.sty
Package: array 2021/10/04 v2.5f Tabular extension package (FMi)
\col@sep=\dimen172
\ar@mcellbox=\box53
\extrarowheight=\dimen173
\NC@list=\toks32
\extratabsurround=\skip56
\backup@length=\skip57
\ar@cellbox=\box54
)
\TX@col@width=\dimen174
\TX@old@table=\dimen175
\TX@old@col=\dimen176
\TX@target=\dimen177
\TX@delta=\dimen178
\TX@cols=\count282
\TX@ftn=\toks33
)
(/usr/share/texlive/texmf-dist/tex/latex/multirow/multirow.sty
Package: multirow 2021/03/15 v2.8 Span multiple rows of a table
\multirow@colwidth=\skip58
\multirow@cntb=\count283
\multirow@dima=\skip59
\bigstrutjot=\dimen179
)
(/usr/share/texlive/texmf-dist/tex/latex/tools/longtable.sty
Package: longtable 2021-09-01 v4.17 Multi-page Table package (DPC)
\LTleft=\skip60
\LTright=\skip61
\LTpre=\skip62
\LTpost=\skip63
\LTchunksize=\count284
\LTcapwidth=\dimen180
\LT@head=\box55
\LT@firsthead=\box56
\LT@foot=\box57
\LT@lastfoot=\box58
\LT@gbox=\box59
\LT@cols=\count285
\LT@rows=\count286
\c@LT@tables=\count287
\c@LT@chunks=\count288
\LT@p@ftn=\toks34
)
(/usr/share/texlive/texmf-dist/tex/latex/caption/caption.sty
Package: caption 2020/10/26 v3.5g Customizing captions (AR)

(/usr/share/texlive/texmf-dist/tex/latex/caption/caption3.sty
Package: caption3 2020/10/21 v2.2e caption3 kernel (AR)
\captionmargin=\dimen181
\captionmargin@=\dimen182
\captionwidth=\dimen183
\caption@tempdima=\dimen184
\caption@indent=\dimen185
\caption@parindent=\dimen186
\caption@hangindent=\dimen187
Package caption Info: Standard document class detected.
)
\c@caption@flags=\count289
\c@continuedfloat=\count290
Package caption Info: longtable package is loaded.

(/usr/share/texlive/texmf-dist/tex/latex/caption/ltcaption.sty
Package: ltcaption 2020/05/30 v1.4b longtable captions (AR)
))
(/usr/share/texlive/texmf-dist/tex/latex/caption/subcaption.sty
Package: subcaption 2020/10/07 v1.3j Sub-captions (AR)
\c@subfigure=\count291
\c@subtable=\count292
)
(/usr/share/texlive/texmf-dist/tex/latex/xcolor/xcolor.sty
Package: xcolor 2021/10/31 v2.13 LaTeX color extensions (UK)

(/usr/share/texlive/texmf-dist/tex/latex/graphics-cfg/color.cfg
File: color.cfg 2016/01/02 v1.6 sample color configuration
)
Package xcolor Info: Driver file: pdftex.def on input line 227.

(/usr/share/texlive/texmf-dist/tex/latex/colortbl/colortbl.sty
Package: colortbl 2020/01/04 v1.0e Color table columns (DPC)
\everycr=\toks35
\minrowclearance=\skip64
)
\rownum=\count293
Package xcolor Info: Model `cmy' substituted by `cmy0' on input line 1352.
Package xcolor Info: Model `hsb' substituted by `rgb' on input line 1356.
Package xcolor Info: Model `RGB' extended on input line 1368.
Package xcolor Info: Model `HTML' substituted by `rgb' on input line 1370.
Package xcolor Info: Model `Hsb' substituted by `hsb' on input line 1371.
Package xcolor Info: Model `tHsb' substituted by `hsb' on input line 1372.
Package xcolor Info: Model `HSB' substituted by `hsb' on input line 1373.
Package xcolor Info: Model `Gray' substituted by `gray' on input line 1374.
Package xcolor Info: Model `wave' substituted by `hsb' on input line 1375.

(/usr/share/texlive/texmf-dist/tex/latex/graphics/dvipsnam.def
File: dvipsnam.def 2016/06/17 v3.0m Driver-dependent file (DPC,SPQR)
))
(/usr/share/texlive/texmf-dist/tex/latex/listings/listings.sty
\lst@mode=\count294
\lst@gtempboxa=\box60
\lst@token=\toks36
\lst@length=\count295
\lst@currlwidth=\dimen188
\lst@column=\count296
\lst@pos=\count297
\lst@lostspace=\dimen189
\lst@width=\dimen190
\lst@newlines=\count298
\lst@lineno=\count299
\lst@maxwidth=\dimen191

(/usr/share/texlive/texmf-dist/tex/latex/listings/lstmisc.sty
File: lstmisc.sty 2020/03/24 1.8d (Carsten Heinz)
\c@lstnumber=\count300
\lst@skipnumbers=\count301
\lst@framebox=\box61
)
(/usr/share/texlive/texmf-dist/tex/latex/listings/listings.cfg
File: listings.cfg 2020/03/24 1.8d listings configuration
))
Package: listings 2020/03/24 1.8d (Carsten Heinz)

(/usr/share/texlive/texmf-dist/tex/latex/listings/lstlang1.sty
File: lstlang1.sty 2020/03/24 1.8d listings language file
)
(/usr/share/texlive/texmf-dist/tex/latex/fancyhdr/fancyhdr.sty
Package: fancyhdr 2021/01/28 v4.0.1 Extensive control of page headers and foote
rs
\f@nch@headwidth=\skip65
\f@nch@O@elh=\skip66
\f@nch@O@erh=\skip67
\f@nch@O@olh=\skip68
\f@nch@O@orh=\skip69
\f@nch@O@elf=\skip70
\f@nch@O@erf=\skip71
\f@nch@O@olf=\skip72
\f@nch@O@orf=\skip73
)
(/usr/share/texlive/texmf-dist/tex/latex/titlesec/titlesec.sty
Package: titlesec 2021/07/05 v2.14 Sectioning titles
\ttl@box=\box62
\beforetitleunit=\skip74
\aftertitleunit=\skip75
\ttl@plus=\dimen192
\ttl@minus=\dimen193
\ttl@toksa=\toks37
\titlewidth=\dimen194
\titlewidthlast=\dimen195
\titlewidthfirst=\dimen196
)
(/usr/share/texlive/texmf-dist/tex/latex/tocloft/tocloft.sty
Package: tocloft 2017/08/31 v2.3i parameterised ToC, etc., typesetting
Package tocloft Info: The document has chapter divisions on input line 51.
\cftparskip=\skip76
\cftbeforetoctitleskip=\skip77
\cftaftertoctitleskip=\skip78
\cftbeforepartskip=\skip79
\cftpartnumwidth=\skip80
\cftpartindent=\skip81
\cftbeforechapskip=\skip82
\cftchapindent=\skip83
\cftchapnumwidth=\skip84
\cftbeforesecskip=\skip85
\cftsecindent=\skip86
\cftsecnumwidth=\skip87
\cftbeforesubsecskip=\skip88
\cftsubsecindent=\skip89
\cftsubsecnumwidth=\skip90
\cftbeforesubsubsecskip=\skip91
\cftsubsubsecindent=\skip92
\cftsubsubsecnumwidth=\skip93
\cftbeforeparaskip=\skip94
\cftparaindent=\skip95
\cftparanumwidth=\skip96
\cftbeforesubparaskip=\skip97
\cftsubparaindent=\skip98
\cftsubparanumwidth=\skip99
\cftbeforeloftitleskip=\skip100
\cftafterloftitleskip=\skip101
\cftbeforefigskip=\skip102
\cftfigindent=\skip103
\cftfignumwidth=\skip104
\c@lofdepth=\count302
\c@lotdepth=\count303
\cftbeforelottitleskip=\skip105
\cftafterlottitleskip=\skip106
\cftbeforetabskip=\skip107
\cfttabindent=\skip108
\cfttabnumwidth=\skip109
)
(/usr/share/texlive/texmf-dist/tex/latex/hyperref/hyperref.sty
Package: hyperref 2021-06-07 v7.00m Hypertext links for LaTeX

(/usr/share/texlive/texmf-dist/tex/generic/ltxcmds/ltxcmds.sty
Package: ltxcmds 2020-05-10 v1.25 LaTeX kernel commands for general use (HO)
)
(/usr/share/texlive/texmf-dist/tex/generic/pdftexcmds/pdftexcmds.sty
Package: pdftexcmds 2020-06-27 v0.33 Utility functions of pdfTeX for LuaTeX (HO
)

(/usr/share/texlive/texmf-dist/tex/generic/infwarerr/infwarerr.sty
Package: infwarerr 2019/12/03 v1.5 Providing info/warning/error messages (HO)
)
Package pdftexcmds Info: \pdf@primitive is available.
Package pdftexcmds Info: \pdf@ifprimitive is available.
Package pdftexcmds Info: \pdfdraftmode found.
)
(/usr/share/texlive/texmf-dist/tex/generic/kvsetkeys/kvsetkeys.sty
Package: kvsetkeys 2019/12/15 v1.18 Key value parser (HO)
)
(/usr/share/texlive/texmf-dist/tex/generic/kvdefinekeys/kvdefinekeys.sty
Package: kvdefinekeys 2019-12-19 v1.6 Define keys (HO)
)
(/usr/share/texlive/texmf-dist/tex/generic/pdfescape/pdfescape.sty
Package: pdfescape 2019/12/09 v1.15 Implements pdfTeX's escape features (HO)
)
(/usr/share/texlive/texmf-dist/tex/latex/hycolor/hycolor.sty
Package: hycolor 2020-01-27 v1.10 Color options for hyperref/bookmark (HO)
)
(/usr/share/texlive/texmf-dist/tex/latex/letltxmacro/letltxmacro.sty
Package: letltxmacro 2019/12/03 v1.6 Let assignment for LaTeX macros (HO)
)
(/usr/share/texlive/texmf-dist/tex/latex/auxhook/auxhook.sty
Package: auxhook 2019-12-17 v1.6 Hooks for auxiliary files (HO)
)
(/usr/share/texlive/texmf-dist/tex/latex/kvoptions/kvoptions.sty
Package: kvoptions 2020-10-07 v3.14 Key value format for package options (HO)
)
\@linkdim=\dimen197
\Hy@linkcounter=\count304
\Hy@pagecounter=\count305

(/usr/share/texlive/texmf-dist/tex/latex/hyperref/pd1enc.def
File: pd1enc.def 2021-06-07 v7.00m Hyperref: PDFDocEncoding definition (HO)
Now handling font encoding PD1 ...
... no UTF-8 mapping file for font encoding PD1
)
(/usr/share/texlive/texmf-dist/tex/latex/hyperref/hyperref-langpatches.def
File: hyperref-langpatches.def 2021-06-07 v7.00m Hyperref: patches for babel la
nguages
)
(/usr/share/texlive/texmf-dist/tex/generic/intcalc/intcalc.sty
Package: intcalc 2019/12/15 v1.3 Expandable calculations with integers (HO)
)
(/usr/share/texlive/texmf-dist/tex/generic/etexcmds/etexcmds.sty
Package: etexcmds 2019/12/15 v1.7 Avoid name clashes with e-TeX commands (HO)
)
\Hy@SavedSpaceFactor=\count306

(/usr/share/texlive/texmf-dist/tex/latex/hyperref/puenc.def
File: puenc.def 2021-06-07 v7.00m Hyperref: PDF Unicode definition (HO)
Now handling font encoding PU ...
... no UTF-8 mapping file for font encoding PU
)
Package hyperref Info: Option `colorlinks' set `true' on input line 4073.
Package hyperref Info: Option `bookmarks' set `true' on input line 4073.
Package hyperref Info: Option `breaklinks' set `true' on input line 4073.
Package hyperref Info: Hyper figures OFF on input line 4192.
Package hyperref Info: Link nesting OFF on input line 4197.
Package hyperref Info: Hyper index ON on input line 4200.
Package hyperref Info: Plain pages OFF on input line 4207.
Package hyperref Info: Backreferencing OFF on input line 4212.
Package hyperref Info: Implicit mode ON; LaTeX internals redefined.
Package hyperref Info: Bookmarks ON on input line 4445.
\c@Hy@tempcnt=\count307

(/usr/share/texlive/texmf-dist/tex/latex/url/url.sty
\Urlmuskip=\muskip17
Package: url 2013/09/16  ver 3.4  Verb mode for urls, etc.
)
LaTeX Info: Redefining \url on input line 4804.
\XeTeXLinkMargin=\dimen198

(/usr/share/texlive/texmf-dist/tex/generic/bitset/bitset.sty
Package: bitset 2019/12/09 v1.3 Handle bit-vector datatype (HO)

(/usr/share/texlive/texmf-dist/tex/generic/bigintcalc/bigintcalc.sty
Package: bigintcalc 2019/12/15 v1.5 Expandable calculations on big integers (HO
)
))
\Fld@menulength=\count308
\Field@Width=\dimen199
\Fld@charsize=\dimen256
Package hyperref Info: Hyper figures OFF on input line 6076.
Package hyperref Info: Link nesting OFF on input line 6081.
Package hyperref Info: Hyper index ON on input line 6084.
Package hyperref Info: backreferencing OFF on input line 6091.
Package hyperref Info: Link coloring ON on input line 6094.
Package hyperref Info: Link coloring with OCG OFF on input line 6101.
Package hyperref Info: PDF/A mode OFF on input line 6106.
LaTeX Info: Redefining \ref on input line 6146.
LaTeX Info: Redefining \pageref on input line 6150.

(/usr/share/texlive/texmf-dist/tex/latex/base/atbegshi-ltx.sty
Package: atbegshi-ltx 2021/01/10 v1.0c Emulation of the original atbegshi
package with kernel methods
)
\Hy@abspage=\count309
\c@Item=\count310
\c@Hfootnote=\count311
)
Package hyperref Info: Driver (autodetected): hpdftex.

(/usr/share/texlive/texmf-dist/tex/latex/hyperref/hpdftex.def
File: hpdftex.def 2021-06-07 v7.00m Hyperref driver for pdfTeX

(/usr/share/texlive/texmf-dist/tex/latex/base/atveryend-ltx.sty
Package: atveryend-ltx 2020/08/19 v1.0a Emulation of the original atveryend pac
kage
with kernel methods
)
\Fld@listcount=\count312
\c@bookmark@seq@number=\count313

(/usr/share/texlive/texmf-dist/tex/latex/rerunfilecheck/rerunfilecheck.sty
Package: rerunfilecheck 2019/12/05 v1.9 Rerun checks for auxiliary files (HO)

(/usr/share/texlive/texmf-dist/tex/generic/uniquecounter/uniquecounter.sty
Package: uniquecounter 2019/12/15 v1.4 Provide unlimited unique counter (HO)
)
Package uniquecounter Info: New unique counter `rerunfilecheck' on input line 2
86.
)
\Hy@SectionHShift=\skip110
)
(/usr/share/texlive/texmf-dist/tex/latex/cleveref/cleveref.sty
Package: cleveref 2018/03/27 v0.21.4 Intelligent cross-referencing
Package cleveref Info: `hyperref' support loaded on input line 2370.
LaTeX Info: Redefining \cref on input line 2370.
LaTeX Info: Redefining \Cref on input line 2370.
LaTeX Info: Redefining \crefrange on input line 2370.
LaTeX Info: Redefining \Crefrange on input line 2370.
LaTeX Info: Redefining \cpageref on input line 2370.
LaTeX Info: Redefining \Cpageref on input line 2370.
LaTeX Info: Redefining \cpagerefrange on input line 2370.
LaTeX Info: Redefining \Cpagerefrange on input line 2370.
LaTeX Info: Redefining \labelcref on input line 2370.
LaTeX Info: Redefining \labelcpageref on input line 2370.
Package cleveref Info: `amsthm' support loaded on input line 3026.
Package cleveref Info: `listings' support loaded on input line 3131.
)
(/usr/share/texlive/texmf-dist/tex/latex/natbib/natbib.sty
Package: natbib 2010/09/13 8.31b (PWD, AO)
\bibhang=\skip111
\bibsep=\skip112
LaTeX Info: Redefining \cite on input line 694.
\c@NAT@ctr=\count314
)
(/usr/share/texlive/texmf-dist/tex/latex/acronym/acronym.sty
Package: acronym 2020/04/17 v1.47 Support for acronyms (Tobias Oetiker)

(/usr/share/texlive/texmf-dist/tex/latex/bigfoot/suffix.sty
Package: suffix 2006/07/15 1.5a Variant command support
)
(/usr/share/texlive/texmf-dist/tex/generic/xstring/xstring.sty
(/usr/share/texlive/texmf-dist/tex/generic/xstring/xstring.tex
\integerpart=\count315
\decimalpart=\count316
)
Package: xstring 2021/07/21 v1.84 String manipulations (CT)
)
\AC@clearlist=\toks38
)
\c@theorem=\count317
LaTeX Font Info:    Trying to load font information for T1+ptm on input line 19
5.

(/usr/share/texlive/texmf-dist/tex/latex/psnfss/t1ptm.fd
File: t1ptm.fd 2001/06/04 font definitions for T1/ptm.
)
(/usr/share/texlive/texmf-dist/tex/latex/l3backend/l3backend-pdftex.def
File: l3backend-pdftex.def 2022-01-12 L3 backend support: PDF output (pdfTeX)
\l__color_backend_stack_int=\count318
\l__pdf_internal_box=\box63
)
(./thesis.aux)
\openout1 = `thesis.aux'.

LaTeX Font Info:    Checking defaults for OML/cmm/m/it on input line 195.
LaTeX Font Info:    ... okay on input line 195.
LaTeX Font Info:    Checking defaults for OMS/cmsy/m/n on input line 195.
LaTeX Font Info:    ... okay on input line 195.
LaTeX Font Info:    Checking defaults for OT1/cmr/m/n on input line 195.
LaTeX Font Info:    ... okay on input line 195.
LaTeX Font Info:    Checking defaults for T1/cmr/m/n on input line 195.
LaTeX Font Info:    ... okay on input line 195.
LaTeX Font Info:    Checking defaults for TS1/cmr/m/n on input line 195.
LaTeX Font Info:    ... okay on input line 195.
LaTeX Font Info:    Checking defaults for OMX/cmex/m/n on input line 195.
LaTeX Font Info:    ... okay on input line 195.
LaTeX Font Info:    Checking defaults for U/cmr/m/n on input line 195.
LaTeX Font Info:    ... okay on input line 195.
LaTeX Font Info:    Checking defaults for PD1/pdf/m/n on input line 195.
LaTeX Font Info:    ... okay on input line 195.
LaTeX Font Info:    Checking defaults for PU/pdf/m/n on input line 195.
LaTeX Font Info:    ... okay on input line 195.

*geometry* driver: auto-detecting
*geometry* detected driver: pdftex
*geometry* verbose mode - [ preamble ] result:
* driver: pdftex
* paper: a4paper
* layout: <same size as paper>
* layoutoffset:(h,v)=(0.0pt,0.0pt)
* modes: 
* h-part:(L,W,R)=(99.58464pt, 426.79135pt, 71.13188pt)
* v-part:(T,H,B)=(71.13188pt, 702.78308pt, 71.13188pt)
* \paperwidth=597.50787pt
* \paperheight=845.04684pt
* \textwidth=426.79135pt
* \textheight=702.78308pt
* \oddsidemargin=27.31465pt
* \evensidemargin=27.31465pt
* \topmargin=-38.1381pt
* \headheight=15.0pt
* \headsep=25.0pt
* \topskip=12.0pt
* \footskip=30.0pt
* \marginparwidth=35.0pt
* \marginparsep=10.0pt
* \columnsep=10.0pt
* \skip\footins=10.8pt plus 4.0pt minus 2.0pt
* \hoffset=0.0pt
* \voffset=0.0pt
* \mag=1000
* \@twocolumnfalse
* \@twosidefalse
* \@mparswitchfalse
* \@reversemarginfalse
* (1in=72.27pt=25.4mm, 1cm=28.453pt)

LaTeX Info: Redefining \microtypecontext on input line 195.
Package microtype Info: Applying patch `item' on input line 195.
Package microtype Info: Applying patch `toc' on input line 195.
Package microtype Info: Applying patch `eqnum' on input line 195.
Package microtype Info: Applying patch `footnote' on input line 195.
Package microtype Info: Generating PDF output.
Package microtype Info: Character protrusion enabled (level 2).
Package microtype Info: Using default protrusion set `alltext'.
Package microtype Info: Automatic font expansion enabled (level 2),
(microtype)             stretch: 20, shrink: 20, step: 1, non-selected.
Package microtype Info: Using default expansion set `alltext-nott'.
LaTeX Info: Redefining \showhyphens on input line 195.
Package microtype Info: No adjustment of tracking.
Package microtype Info: No adjustment of interword spacing.
Package microtype Info: No adjustment of character kerning.
(/usr/share/texlive/texmf-dist/tex/latex/microtype/mt-ptm.cfg
File: mt-ptm.cfg 2006/04/20 v1.7 microtype config. file: Times (RS)
)
(/usr/share/texlive/texmf-dist/tex/context/base/mkii/supp-pdf.mkii
[Loading MPS to PDF converter (version 2006.09.02).]
\scratchcounter=\count319
\scratchdimen=\dimen257
\scratchbox=\box64
\nofMPsegments=\count320
\nofMParguments=\count321
\everyMPshowfont=\toks39
\MPscratchCnt=\count322
\MPscratchDim=\dimen258
\MPnumerator=\count323
\makeMPintoPDFobject=\count324
\everyMPtoPDFconversion=\toks40
) (/usr/share/texlive/texmf-dist/tex/latex/epstopdf-pkg/epstopdf-base.sty
Package: epstopdf-base 2020-01-24 v2.11 Base part for package epstopdf

(/usr/share/texlive/texmf-dist/tex/latex/grfext/grfext.sty
Package: grfext 2019/12/03 v1.3 Manage graphics extensions (HO)
)
Package epstopdf-base Info: Redefining graphics rule for `.eps' on input line 4
85.
Package grfext Info: Graphics extension search list:
(grfext)             [.pdf,.png,.jpg,.mps,.jpeg,.jbig2,.jb2,.PDF,.PNG,.JPG,.JPE
G,.JBIG2,.JB2,.eps]
(grfext)             \AppendGraphicsExtensions on input line 504.

(/usr/share/texlive/texmf-dist/tex/latex/latexconfig/epstopdf-sys.cfg
File: epstopdf-sys.cfg 2010/07/13 v1.3 Configuration of (r)epstopdf for TeX Liv
e
))
Package caption Info: Begin \AtBeginDocument code.
Package caption Info: hyperref package is loaded.
Package caption Info: listings package is loaded.
Package caption Info: End \AtBeginDocument code.
\c@lstlisting=\count325
Package hyperref Info: Link coloring ON on input line 195.

(/usr/share/texlive/texmf-dist/tex/latex/hyperref/nameref.sty
Package: nameref 2021-04-02 v2.47 Cross-referencing by name of section

(/usr/share/texlive/texmf-dist/tex/latex/refcount/refcount.sty
Package: refcount 2019/12/15 v3.6 Data extraction from label references (HO)
)
(/usr/share/texlive/texmf-dist/tex/generic/gettitlestring/gettitlestring.sty
Package: gettitlestring 2019/12/15 v1.6 Cleanup title references (HO)
)
\c@section@level=\count326
)
LaTeX Info: Redefining \ref on input line 195.
LaTeX Info: Redefining \pageref on input line 195.
LaTeX Info: Redefining \nameref on input line 195.

(./thesis.out) (./thesis.out)
\@outlinefile=\write3
\openout3 = `thesis.out'.

 [1

{/var/lib/texmf/fonts/map/pdftex/updmap/pdftex.map}]
LaTeX Font Info:    Trying to load font information for OT1+ztmcm on input line
 254.
 (/usr/share/texlive/texmf-dist/tex/latex/psnfss/ot1ztmcm.fd
File: ot1ztmcm.fd 2000/01/03 Fontinst v1.801 font definitions for OT1/ztmcm.
)
Package microtype Info: Loading generic protrusion settings for font family
(microtype)             `ztmcm' (encoding: OT1).
(microtype)             For optimal results, create family-specific settings.
(microtype)             See the microtype manual for details.
LaTeX Font Info:    Trying to load font information for OML+ztmcm on input line
 254.

(/usr/share/texlive/texmf-dist/tex/latex/psnfss/omlztmcm.fd
File: omlztmcm.fd 2000/01/03 Fontinst v1.801 font definitions for OML/ztmcm.
)
LaTeX Font Info:    Trying to load font information for OMS+ztmcm on input line
 254.

(/usr/share/texlive/texmf-dist/tex/latex/psnfss/omsztmcm.fd
File: omsztmcm.fd 2000/01/03 Fontinst v1.801 font definitions for OMS/ztmcm.
)
LaTeX Font Info:    Trying to load font information for OMX+ztmcm on input line
 254.

(/usr/share/texlive/texmf-dist/tex/latex/psnfss/omxztmcm.fd
File: omxztmcm.fd 2000/01/03 Fontinst v1.801 font definitions for OMX/ztmcm.
)
LaTeX Font Info:    Trying to load font information for OT1+ptm on input line 2
54.

(/usr/share/texlive/texmf-dist/tex/latex/psnfss/ot1ptm.fd
File: ot1ptm.fd 2001/06/04 font definitions for OT1/ptm.
)
LaTeX Font Info:    Font shape `OT1/ptm/bx/n' in size <12> not available
(Font)              Font shape `OT1/ptm/b/n' tried instead on input line 254.
LaTeX Font Info:    Font shape `OT1/ptm/bx/n' in size <9> not available
(Font)              Font shape `OT1/ptm/b/n' tried instead on input line 254.
LaTeX Font Info:    Font shape `OT1/ptm/bx/n' in size <7> not available
(Font)              Font shape `OT1/ptm/b/n' tried instead on input line 254.

(/usr/share/texlive/texmf-dist/tex/latex/microtype/mt-msa.cfg
File: mt-msa.cfg 2006/02/04 v1.1 microtype config. file: AMS symbols (a) (RS)
)
(/usr/share/texlive/texmf-dist/tex/latex/microtype/mt-msb.cfg
File: mt-msb.cfg 2005/06/01 v1.0 microtype config. file: AMS symbols (b) (RS)
)
(./chapters/abstract.tex [1

]
Package acronym Info: Label `acro:PHMSA' newly defined as it shall be overridde
n
although it is yet undefined on input line 34.
Package acronym Info: Label `acro:BS7910' newly defined as it shall be overridd
en
although it is yet undefined on input line 38.
Package acronym Info: Label `acro:FAD' newly defined as it shall be overridden
although it is yet undefined on input line 38.
Package acronym Info: Label `acro:IIW' newly defined as it shall be overridden
although it is yet undefined on input line 38.
Package acronym Info: Label `acro:SCF' newly defined as it shall be overridden
although it is yet undefined on input line 39.
Package acronym Info: Label `acro:SSE' newly defined as it shall be overridden
although it is yet undefined on input line 50.
Package acronym Info: Label `acro:FGSM' newly defined as it shall be overridden

although it is yet undefined on input line 60.
Package acronym Info: Label `acro:ASR' newly defined as it shall be overridden
although it is yet undefined on input line 60.
Package acronym Info: Label `acro:BIM' newly defined as it shall be overridden
although it is yet undefined on input line 61.
Package acronym Info: Label `acro:PGD' newly defined as it shall be overridden
although it is yet undefined on input line 62.
 [2

]) [3] (./chapters/acknowledgements.tex)
[4

] (./chapters/abbreviations.tex

LaTeX Warning: Hyper reference `acro:PWHT' on page v undefined on input line 27
.


LaTeX Warning: Hyper reference `acro:PWHT' on page v undefined on input line 27
.


LaTeX Warning: Hyper reference `acro:SMYS' on page v undefined on input line 31
.


LaTeX Warning: Hyper reference `acro:SMYS' on page v undefined on input line 31
.


LaTeX Warning: Hyper reference `acro:SGD' on page v undefined on input line 38.



LaTeX Warning: Hyper reference `acro:SGD' on page v undefined on input line 38.


) [5

] (./thesis.toc [6

] [7])
\tf@toc=\write4
\openout4 = `thesis.toc'.

 [8] (./thesis.lof
Overfull \hbox (2.73518pt too wide) in paragraph at lines 10--10
 \T1/ptm/m/n/12 (-20) lated lat-er-als) to $\OT1/ztmcm/m/n/12 0\OML/ztmcm/m/it/
12 :\OT1/ztmcm/m/n/12 26$ \T1/ptm/m/n/12 (-20) (pri-mary trunk seg-ments). Seg-
ment SEG_N012_N015 
 []

[9

] [10])
\tf@lof=\write5
\openout5 = `thesis.lof'.

 [11] (./thesis.lot [12

])
\tf@lot=\write6
\openout6 = `thesis.lot'.

 [13] (./chapters/ch1_introduction.tex
Chapter 1.
Package acronym Info: Label `acro:TEN-E' newly defined as it shall be overridde
n
although it is yet undefined on input line 12.
Package acronym Info: Label `acro:TAP' newly defined as it shall be overridden
although it is yet undefined on input line 36.
Package acronym Info: Label `acro:ASME' newly defined as it shall be overridden

although it is yet undefined on input line 46.
Package acronym Info: Label `acro:LAX' newly defined as it shall be overridden
although it is yet undefined on input line 51.
pdfTeX warning (ext4): destination with the same identifier (name{page.1}) has 
been already used, duplicate ignored
<to be read again> 
                   \relax 
l.61 
      [1


] [2]
Package acronym Info: Label `acro:NDE' newly defined as it shall be overridden
although it is yet undefined on input line 103.
Package acronym Info: Label `acro:MC' newly defined as it shall be overridden
although it is yet undefined on input line 112.

Overfull \hbox (1.79709pt too wide) in paragraph at lines 112--120
\T1/ptm/m/n/12 (-20) against 216 ma-te-ri-al/weld fail-ure events ex-tracted fr
om the [][] in-ci-dent database.
 []

Package acronym Info: Label `acro:MLP' newly defined as it shall be overridden
although it is yet undefined on input line 130.
[3]
LaTeX Font Info:    Trying to load font information for T1+cmtt on input line 2
01.
 (/usr/share/texlive/texmf-dist/tex/latex/base/t1cmtt.fd
File: t1cmtt.fd 2019/12/16 v2.5j Standard LaTeX font definitions
)
Package microtype Info: Loading generic protrusion settings for font family
(microtype)             `cmtt' (encoding: T1).
(microtype)             For optimal results, create family-specific settings.
(microtype)             See the microtype manual for details.

Overfull \hbox (9.35686pt too wide) in paragraph at lines 199--204
\T1/ptm/m/n/12 (-20) tem (FAT class as-sign-ments) and the bi-lin-ear dam-age m
odel used in the \T1/cmtt/m/n/12 fatigue_engine.py
 []

) [4] (./chapters/ch2_literature.tex [5]
Chapter 2.
Package acronym Info: Label `acro:LEFM' newly defined as it shall be overridden

although it is yet undefined on input line 31.
[6

]
Package acronym Info: Label `acro:API' newly defined as it shall be overridden
although it is yet undefined on input line 57.
<figures//fig2_fad_grade_comparison.png, id=884, 713.5458pt x 569.7285pt>
File: figures//fig2_fad_grade_comparison.png Graphic file (type png)
<use figures//fig2_fad_grade_comparison.png>
Package pdftex.def Info: figures//fig2_fad_grade_comparison.png  used on input 
line 79.
(pdftex.def)             Requested size: 332.89673pt x 265.79904pt.
LaTeX Font Info:    Font shape `OT1/ptm/bx/n' in size <10.95> not available
(Font)              Font shape `OT1/ptm/b/n' tried instead on input line 84.
LaTeX Font Info:    Font shape `OT1/ptm/bx/n' in size <8> not available
(Font)              Font shape `OT1/ptm/b/n' tried instead on input line 84.
LaTeX Font Info:    Font shape `OT1/ptm/bx/n' in size <6> not available
(Font)              Font shape `OT1/ptm/b/n' tried instead on input line 84.
 [7 <./figures//fig2_fad_grade_comparison.png>]
<figures//fig3_sn_weld_comparison.png, id=907, 713.7867pt x 496.254pt>
File: figures//fig3_sn_weld_comparison.png Graphic file (type png)
<use figures//fig3_sn_weld_comparison.png>
Package pdftex.def Info: figures//fig3_sn_weld_comparison.png  used on input li
ne 142.
(pdftex.def)             Requested size: 349.97203pt x 243.31046pt.
 [8]
Package acronym Info: Label `acro:SCG' newly defined as it shall be overridden
although it is yet undefined on input line 185.
 [9 <./figures//fig3_sn_weld_comparison.png>]
Package acronym Info: Label `acro:TSA' newly defined as it shall be overridden
although it is yet undefined on input line 224.
 [10] [11]
LaTeX Font Info:    Font shape `OT1/ptm/bx/n' in size <5> not available
(Font)              Font shape `OT1/ptm/b/n' tried instead on input line 374.
 [12]) (./chapters/ch3_physics.tex [13]
Chapter 3.
<figures//fig6_phmsa_cause_distribution.png, id=1015, 859.5312pt x 498.663pt>
File: figures//fig6_phmsa_cause_distribution.png Graphic file (type png)
<use figures//fig6_phmsa_cause_distribution.png>
Package pdftex.def Info: figures//fig6_phmsa_cause_distribution.png  used on in
put line 37.
(pdftex.def)             Requested size: 392.64725pt x 227.79749pt.
[14

] [15 <./figures//fig6_phmsa_cause_distribution.png>]
<figures//fig1_fad_assessment.png, id=1032, 713.5458pt x 569.7285pt>
File: figures//fig1_fad_assessment.png Graphic file (type png)
<use figures//fig1_fad_assessment.png>
Package pdftex.def Info: figures//fig1_fad_assessment.png  used on input line 9
8.
(pdftex.def)             Requested size: 341.43437pt x 272.61462pt.
Package acronym Info: Label `acro:MAOP' newly defined as it shall be overridden

although it is yet undefined on input line 116.
 [16 <./figures//fig1_fad_assessment.png>]
<figures//fig4_mc_pf_simulation.png, id=1050, 857.8449pt x 641.0349pt>
File: figures//fig4_mc_pf_simulation.png Graphic file (type png)
<use figures//fig4_mc_pf_simulation.png>
Package pdftex.def Info: figures//fig4_mc_pf_simulation.png  used on input line
 144.
(pdftex.def)             Requested size: 392.64725pt x 293.41241pt.
<figures//fig5_pf_scf_sensitivity.png, id=1053, 713.5458pt x 426.393pt>
File: figures//fig5_pf_scf_sensitivity.png Graphic file (type png)
<use figures//fig5_pf_scf_sensitivity.png>
Package pdftex.def Info: figures//fig5_pf_scf_sensitivity.png  used on input li
ne 155.
(pdftex.def)             Requested size: 375.57846pt x 224.43222pt.
 [17 <./figures//fig4_mc_pf_simulation.png>]
<figures//fig11_network_vulnerability_map.png, id=1063, 918.7926pt x 643.203pt>

File: figures//fig11_network_vulnerability_map.png Graphic file (type png)
<use figures//fig11_network_vulnerability_map.png>
Package pdftex.def Info: figures//fig11_network_vulnerability_map.png  used on 
input line 181.
(pdftex.def)             Requested size: 392.64725pt x 274.874pt.


Package hyperref Warning: Token not allowed in a PDF string (Unicode):
(hyperref)                removing `math shift' on input line 191.


Package hyperref Warning: Token not allowed in a PDF string (Unicode):
(hyperref)                removing `subscript' on input line 191.


Package hyperref Warning: Token not allowed in a PDF string (Unicode):
(hyperref)                removing `math shift' on input line 191.

[18 <./figures//fig5_pf_scf_sensitivity.png>]
LaTeX Font Info:    Trying to load font information for TS1+ptm on input line 2
72.

(/usr/share/texlive/texmf-dist/tex/latex/psnfss/ts1ptm.fd
File: ts1ptm.fd 2001/06/04 font definitions for TS1/ptm.
) [19 <./figures//fig11_network_vulnerability_map.png>]
<figures//fig13_stackelberg_coverage_map.png, id=1089, 1113.9216pt x 515.526pt>

File: figures//fig13_stackelberg_coverage_map.png Graphic file (type png)
<use figures//fig13_stackelberg_coverage_map.png>
Package pdftex.def Info: figures//fig13_stackelberg_coverage_map.png  used on i
nput line 283.
(pdftex.def)             Requested size: 392.64725pt x 181.71901pt.
<figures//fig14_budget_sensitivity.png, id=1090, 1148.1294pt x 372.9132pt>
File: figures//fig14_budget_sensitivity.png Graphic file (type png)
<use figures//fig14_budget_sensitivity.png>
Package pdftex.def Info: figures//fig14_budget_sensitivity.png  used on input l
ine 294.
(pdftex.def)             Requested size: 392.64725pt x 127.52852pt.
) (./chapters/ch4_adversarial.tex [20 <./figures//fig13_stackelberg_coverage_ma
p.png>] [21 <./figures//fig14_budget_sensitivity.png>]
Chapter 4.
[22

]
Overfull \hbox (30.21361pt too wide) detected at line 99
[][]\U/msb/m/n/12 R[] [][] R[] [][] R[] [][] R[]\OML/ztmcm/m/it/12 :
 []

[23] [24]
<figures//fig16_robustness_curves.png, id=1148, 1003.5894pt x 357.0138pt>
File: figures//fig16_robustness_curves.png Graphic file (type png)
<use figures//fig16_robustness_curves.png>
Package pdftex.def Info: figures//fig16_robustness_curves.png  used on input li
ne 232.
(pdftex.def)             Requested size: 392.64725pt x 139.6815pt.
<figures//fig17_adversarial_confusion.png, id=1159, 1223.2902pt x 340.6326pt>
File: figures//fig17_adversarial_confusion.png Graphic file (type png)
<use figures//fig17_adversarial_confusion.png>
Package pdftex.def Info: figures//fig17_adversarial_confusion.png  used on inpu
t line 245.
(pdftex.def)             Requested size: 392.64725pt x 109.3321pt.
) (./chapters/ch5_results.tex [25] [26 <./figures//fig16_robustness_curves.png>
 <./figures//fig17_adversarial_confusion.png>]
Chapter 5.
<figures//fig12_network_property_distributions.png, id=1181, 1002.144pt x 711.6
186pt>
File: figures//fig12_network_property_distributions.png Graphic file (type png)

<use figures//fig12_network_property_distributions.png>
Package pdftex.def Info: figures//fig12_network_property_distributions.png  use
d on input line 37.
(pdftex.def)             Requested size: 392.64725pt x 278.81143pt.
[27

] [28 <./figures//fig12_network_property_distributions.png>]
<figures//fig20_scenario_comparison.png, id=1195, 1148.6112pt x 880.7304pt>
File: figures//fig20_scenario_comparison.png Graphic file (type png)
<use figures//fig20_scenario_comparison.png>
Package pdftex.def Info: figures//fig20_scenario_comparison.png  used on input 
line 106.
(pdftex.def)             Requested size: 392.64725pt x 301.07048pt.
 [29] [30 <./figures//fig20_scenario_comparison.png>]
<figures//fig18_dashboard_network_intelligence.png, id=1214, 1293.1512pt x 1026
.7158pt>
File: figures//fig18_dashboard_network_intelligence.png Graphic file (type png)

<use figures//fig18_dashboard_network_intelligence.png>
Package pdftex.def Info: figures//fig18_dashboard_network_intelligence.png  use
d on input line 157.
(pdftex.def)             Requested size: 392.64725pt x 311.74573pt.
<figures//fig19_stackelberg_coverage_heatmap.png, id=1215, 1294.1148pt x 806.53
32pt>
File: figures//fig19_stackelberg_coverage_heatmap.png Graphic file (type png)
<use figures//fig19_stackelberg_coverage_heatmap.png>
Package pdftex.def Info: figures//fig19_stackelberg_coverage_heatmap.png  used 
on input line 170.
(pdftex.def)             Requested size: 392.64725pt x 244.70622pt.
 [31 <./figures//fig18_dashboard_network_intelligence.png>]) (./chapters/ch6_co
nclusion.tex [32 <./figures//fig19_stackelberg_coverage_heatmap.png>]
Chapter 6.
[33

] [34]) [35] (./thesis.bbl [36


] [37]) (./appendices/app_a_lp_derivation.tex
[38]
Appendix A.
[39

]
LaTeX Font Info:    Font shape `OT1/ptm/bx/n' in size <14.4> not available
(Font)              Font shape `OT1/ptm/b/n' tried instead on input line 61.
 [40] [41]) (./appendices/app_b_fad_tables.tex [42]
Appendix B.

Overfull \hbox (55.88474pt too wide) in paragraph at lines 8--15
\T1/ptm/m/n/12 (-20) This ap-pendix pro-vides the ref-er-ence ta-bles used by t
he \T1/cmtt/m/n/12 fad_engine.py \T1/ptm/m/n/12 (-20) and \T1/cmtt/m/n/12 calib
rated_params.py
 []

[43

]
Overfull \hbox (8.4816pt too wide) in paragraph at lines 82--95
 [][] 
 []


Overfull \hbox (2.06487pt too wide) in paragraph at lines 117--129
 [][] 
 []

[44]) (./appendices/app_c_code_listing.tex [45] [46]
Appendix C.
LaTeX Font Info:    Font shape `T1/cmtt/bx/n' in size <14.4> not available
(Font)              Font shape `T1/cmtt/m/n' tried instead on input line 16.
LaTeX Font Info:    Font shape `T1/cmtt/bx/n' in size <10> not available
(Font)              Font shape `T1/cmtt/m/n' tried instead on input line 27.
[47

] [48] [49] [50] [51]
(/usr/share/texlive/texmf-dist/tex/latex/listings/lstlang1.sty
File: lstlang1.sty 2020/03/24 1.8d listings language file
)
(/usr/share/texlive/texmf-dist/tex/latex/listings/lstlang1.sty
File: lstlang1.sty 2020/03/24 1.8d listings language file
)) [52]
(./thesis.aux)

LaTeX Warning: There were undefined references.

Package rerunfilecheck Info: File `thesis.out' has not changed.
(rerunfilecheck)             Checksum: 47E88795585C1C53A9046BC42E4F0D4E;15845.
 ) 
Here is how much of TeX's memory you used:
 22256 strings out of 480247
 360814 string characters out of 5896151
 1014620 words of memory out of 5000000
 38744 multiletter control sequences out of 15000+600000
 584306 words of font info for 515 fonts, out of 8000000 for 9000
 14 hyphenation exceptions out of 8191
 60i,15n,63p,1003b,2153s stack positions out of 5000i,500n,10000p,200000b,80000s
 </sessions/magical-peaceful-curie/.texlive2021/texmf-var/fonts/pk/ljfour/jkn
appen/ec/ectt1095.600pk> </sessions/magical-peaceful-curie/.texlive2021/texmf-v
ar/fonts/pk/ljfour/jknappen/ec/ecit1000.600pk> </sessions/magical-peaceful-curi
e/.texlive2021/texmf-var/fonts/pk/ljfour/jknappen/ec/ectt1000.600pk> </sessions
/magical-peaceful-curie/.texlive2021/texmf-var/fonts/pk/ljfour/jknappen/ec/ectt
1440.600pk> </sessions/magical-peaceful-curie/.texlive2021/texmf-var/fonts/pk/l
jfour/jknappen/ec/ectt1200.600pk>{/usr/share/texlive/texmf-dist/fonts/enc/dvips
/base/8r.enc}</usr/share/texlive/texmf-dist/fonts/type1/public/amsfonts/cm/cmex
10.pfb></usr/share/texlive/texmf-dist/fonts/type1/public/amsfonts/cm/cmmi10.pfb
></usr/share/texlive/texmf-dist/fonts/type1/public/amsfonts/cm/cmr10.pfb></usr/
share/texlive/texmf-dist/fonts/type1/public/amsfonts/cm/cmsy10.pfb></usr/share/
texlive/texmf-dist/fonts/type1/public/amsfonts/symbols/msam10.pfb></usr/share/t
exlive/texmf-dist/fonts/type1/public/amsfonts/symbols/msbm10.pfb></usr/share/te
xlive/texmf-dist/fonts/type1/public/rsfs/rsfs10.pfb></usr/share/texlive/texmf-d
ist/fonts/type1/urw/symbol/usyr.pfb></usr/share/texlive/texmf-dist/fonts/type1/
urw/symbol/usyr.pfb></usr/share/texlive/texmf-dist/fonts/type1/urw/times/utmb8a
.pfb></usr/share/texlive/texmf-dist/fonts/type1/urw/times/utmr8a.pfb></usr/shar
e/texlive/texmf-dist/fonts/type1/urw/times/utmri8a.pfb>
Output written on thesis.pdf (66 pages, 3900274 bytes).
PDF statistics:
 2011 PDF objects out of 2073 (max. 8388607)
 1633 compressed objects within 17 object streams
 514 named destinations out of 1000 (max. 500000)
 101596 words of extra memory for PDF output out of 106986 (max. 10000000)

